\BOOKMARK [1][-]{section*.2}{\376\377\000A\000l\000l\000\040\000B\000y\000\040\000M\000y\000s\000e\000l\000f}{}% 1
\BOOKMARK [1][-]{section*.5}{\376\377\000A\000l\000l\000\040\000o\000f\000\040\000m\000e}{}% 2
\BOOKMARK [1][-]{section*.9}{\376\377\000A\000p\000p\000l\000e\000\040\000B\000l\000o\000s\000s\000o\000m\000\040\000T\000i\000m\000e}{}% 3
\BOOKMARK [1][-]{section*.13}{\376\377\000A\000v\000a\000l\000o\000n}{}% 4
\BOOKMARK [1][-]{section*.16}{\376\377\000B\000r\000o\000t\000h\000e\000r\000\040\000C\000a\000n\000\040\000Y\000o\000u\000\040\000S\000p\000a\000r\000e\000\040\000A\000\040\000D\000i\000m\000e}{}% 5
\BOOKMARK [1][-]{section*.20}{\376\377\000D\000i\000n\000a\000h}{}% 6
\BOOKMARK [1][-]{section*.24}{\376\377\000D\000o\000\040\000L\000o\000r\000d}{}% 7
\BOOKMARK [1][-]{section*.27}{\376\377\000D\000o\000n\000'\000t\000\040\000T\000h\000i\000n\000k\000\040\000T\000w\000i\000c\000e\000,\000\040\000I\000t\000'\000s\000\040\000A\000l\000r\000i\000g\000h\000t}{}% 8
\BOOKMARK [1][-]{section*.30}{\376\377\000D\000r\000e\000a\000m}{}% 9
\BOOKMARK [1][-]{section*.34}{\376\377\000E\000h\000\040\000L\000a\000\040\000B\000a\000s}{}% 10
\BOOKMARK [1][-]{section*.37}{\376\377\000E\000x\000a\000c\000t\000l\000y\000\040\000L\000i\000k\000e\000\040\000Y\000o\000u}{}% 11
\BOOKMARK [1][-]{section*.41}{\376\377\000G\000e\000o\000r\000g\000i\000a\000\040\000O\000n\000\040\000M\000y\000\040\000M\000i\000n\000d}{}% 12
\BOOKMARK [1][-]{section*.45}{\376\377\000\050\000O\000v\000e\000r\000\040\000i\000n\000\040\000t\000h\000e\000\051\000\040\000G\000l\000o\000r\000y\000l\000a\000n\000d}{}% 13
\BOOKMARK [1][-]{section*.48}{\376\377\000H\000i\000n\000d\000u\000s\000t\000a\000n}{}% 14
\BOOKMARK [1][-]{section*.52}{\376\377\000I\000\040\000C\000a\000n\000'\000t\000\040\000E\000s\000c\000a\000p\000e\000\040\000F\000r\000o\000m\000\040\000Y\000o\000u}{}% 15
\BOOKMARK [1][-]{section*.55}{\376\377\000I\000\040\000G\000e\000t\000\040\000t\000h\000e\000\040\000B\000l\000u\000e\000s\000\040\000W\000h\000e\000n\000\040\000I\000t\000\040\000R\000a\000i\000n\000s}{}% 16
\BOOKMARK [1][-]{section*.58}{\376\377\000I\000\040\000H\000a\000d\000\040\000S\000o\000m\000e\000o\000n\000e\000\040\000E\000l\000s\000e\000\040\000B\000e\000f\000o\000r\000e\000\040\000I\000\040\000H\000a\000d\000\040\000Y\000o\000u}{}% 17
\BOOKMARK [1][-]{section*.62}{\376\377\000I\000'\000m\000\040\000A\000l\000o\000n\000e\000\040\000B\000e\000c\000a\000u\000s\000e\000\040\000I\000\040\000L\000o\000v\000e\000\040\000Y\000o\000u}{}% 18
\BOOKMARK [1][-]{section*.65}{\376\377\000I\000'\000m\000\040\000C\000o\000n\000f\000e\000s\000s\000i\000n}{}% 19
\BOOKMARK [1][-]{section*.69}{\376\377\000M\000a\000r\000g\000i\000e}{}% 20
\BOOKMARK [1][-]{section*.73}{\376\377\000M\000i\000l\000n\000e\000b\000u\000r\000g\000\040\000J\000o\000y\000s}{}% 21
\BOOKMARK [1][-]{section*.77}{\376\377\000O\000l\000d\000\040\000M\000a\000n\000\040\000M\000o\000s\000e}{}% 22
\BOOKMARK [1][-]{section*.80}{\376\377\000O\000n\000e\000\040\000S\000w\000e\000e\000t\000\040\000L\000e\000t\000t\000e\000r\000\040\000F\000r\000o\000m\000\040\000Y\000o\000u}{}% 23
\BOOKMARK [1][-]{section*.84}{\376\377\000P\000a\000n\000a\000m\000a\000\040\000R\000a\000g}{}% 24
\BOOKMARK [1][-]{section*.87}{\376\377\000P\000o\000l\000k\000a\000d\000o\000t\000s\000\040\000a\000n\000d\000\040\000M\000o\000o\000n\000b\000e\000a\000m\000s}{}% 25
\BOOKMARK [1][-]{section*.91}{\376\377\000S\000h\000o\000r\000t\000\040\000D\000r\000e\000s\000s\000\040\000G\000a\000l}{}% 26
\BOOKMARK [1][-]{section*.94}{\376\377\000S\000i\000n\000g\000\040\000O\000n}{}% 27
\BOOKMARK [1][-]{section*.96}{\376\377\000S\000m\000i\000l\000e}{}% 28
\BOOKMARK [1][-]{section*.100}{\376\377\000S\000o\000m\000e\000b\000o\000d\000y\000\040\000E\000l\000s\000e\000\040\000i\000s\000\040\000T\000a\000k\000i\000n\000g\000\040\000M\000y\000\040\000P\000l\000a\000c\000e}{}% 29
\BOOKMARK [1][-]{section*.103}{\376\377\000S\000o\000m\000e\000\040\000o\000f\000\040\000T\000h\000e\000s\000e\000\040\000D\000a\000y\000s}{}% 30
\BOOKMARK [1][-]{section*.107}{\376\377\000T\000h\000a\000t\000'\000s\000\040\000A\000\040\000P\000l\000e\000n\000t\000y}{}% 31
\BOOKMARK [1][-]{section*.110}{\376\377\000T\000i\000g\000e\000r\000\040\000R\000a\000g}{}% 32
\BOOKMARK [1][-]{section*.113}{\376\377\000W\000h\000e\000n\000e\000v\000e\000r\000\040\000Y\000o\000u\000'\000r\000e\000\040\000L\000o\000n\000e\000s\000o\000m\000e}{}% 33
\BOOKMARK [1][-]{section*.116}{\376\377\000W\000h\000e\000n\000\040\000M\000y\000\040\000D\000r\000e\000a\000m\000b\000o\000a\000t\000\040\000C\000o\000m\000e\000s\000\040\000H\000o\000m\000e}{}% 34
\BOOKMARK [1][-]{section*.120}{\376\377\000W\000h\000e\000n\000\040\000Y\000o\000u\000\040\000a\000n\000d\000\040\000I\000\040\000W\000e\000r\000e\000\040\000Y\000o\000u\000n\000g\000,\000\040\000M\000a\000g\000g\000i\000e}{}% 35
